This file contains any messages produced by compilers while
running configure, to aid debugging if configure makes a mistake.

It was created by configure, which was
generated by GNU Autoconf 2.69.  Invocation command line was

  $ ./configure --host=arm-linux --prefix=/home/ningjw/linux/drv_jz2440/alsa/alsa-utils-1.0.27.2/__installed

## --------- ##
## Platform. ##
## --------- ##

hostname = M495
uname -m = x86_64
uname -r = 4.18.0-17-generic
uname -s = Linux
uname -v = #18~18.04.1-Ubuntu SMP Fri Mar 15 15:27:12 UTC 2019

/usr/bin/uname -p = unknown
/bin/uname -X     = unknown

/bin/arch              = unknown
/usr/bin/arch -k       = unknown
/usr/convex/getsysinfo = unknown
/usr/bin/hostinfo      = unknown
/bin/machine           = unknown
/usr/bin/oslevel       = unknown
/bin/universe          = unknown

PATH: /usr/local/sbin
PATH: /usr/local/bin
PATH: /usr/sbin
PATH: /usr/bin
PATH: /sbin
PATH: /bin
PATH: /usr/games
PATH: /usr/local/games


## ----------- ##
## Core tests. ##
## ----------- ##

configure:2333: checking for a BSD-compatible install
configure:2401: result: /usr/bin/install -c
configure:2412: checking whether build environment is sane
configure:2467: result: yes
configure:2526: checking for arm-linux-strip
configure:2556: result: no
configure:2566: checking for strip
configure:2582: found /usr/bin/strip
configure:2593: result: strip
configure:2618: checking for a thread-safe mkdir -p
configure:2657: result: /bin/mkdir -p
configure:2664: checking for gawk
configure:2694: result: no
configure:2664: checking for mawk
configure:2680: found /usr/bin/mawk
configure:2691: result: mawk
configure:2702: checking whether make sets $(MAKE)
configure:2724: result: yes
configure:2813: checking whether to enable maintainer-specific portions of Makefiles
configure:2822: result: yes
configure:2844: checking whether NLS is requested
configure:2853: result: yes
configure:2894: checking for msgfmt
configure: trying /usr/bin/msgfmt...
0 translated messages.
configure:2926: result: /usr/bin/msgfmt
configure:2935: checking for gmsgfmt
configure:2966: result: /usr/bin/msgfmt
configure:3017: checking for xgettext
configure: trying /usr/bin/xgettext...
/usr/bin/xgettext: warning: file '/dev/null' extension '' is unknown; will try C
configure:3049: result: /usr/bin/xgettext
configure:3095: checking for msgmerge
configure: trying /usr/bin/msgmerge...
configure:3126: result: /usr/bin/msgmerge
configure:3171: checking for style of include used by make
configure:3199: result: GNU
configure:3230: checking for arm-linux-gcc
configure:3260: result: no
configure:3270: checking for gcc
configure:3286: found /usr/bin/gcc
configure:3297: result: gcc
configure:3526: checking for C compiler version
configure:3535: gcc --version >&5
gcc (Ubuntu 7.3.0-27ubuntu1~18.04) 7.3.0
Copyright (C) 2017 Free Software Foundation, Inc.
This is free software; see the source for copying conditions.  There is NO
warranty; not even for MERCHANTABILITY or FITNESS FOR A PARTICULAR PURPOSE.

configure:3546: $? = 0
configure:3535: gcc -v >&5
Using built-in specs.
COLLECT_GCC=gcc
COLLECT_LTO_WRAPPER=/usr/lib/gcc/x86_64-linux-gnu/7/lto-wrapper
OFFLOAD_TARGET_NAMES=nvptx-none
OFFLOAD_TARGET_DEFAULT=1
Target: x86_64-linux-gnu
Configured with: ../src/configure -v --with-pkgversion='Ubuntu 7.3.0-27ubuntu1~18.04' --with-bugurl=file:///usr/share/doc/gcc-7/README.Bugs --enable-languages=c,ada,c++,go,brig,d,fortran,objc,obj-c++ --prefix=/usr --with-gcc-major-version-only --program-suffix=-7 --program-prefix=x86_64-linux-gnu- --enable-shared --enable-linker-build-id --libexecdir=/usr/lib --without-included-gettext --enable-threads=posix --libdir=/usr/lib --enable-nls --with-sysroot=/ --enable-clocale=gnu --enable-libstdcxx-debug --enable-libstdcxx-time=yes --with-default-libstdcxx-abi=new --enable-gnu-unique-object --disable-vtable-verify --enable-libmpx --enable-plugin --enable-default-pie --with-system-zlib --with-target-system-zlib --enable-objc-gc=auto --enable-multiarch --disable-werror --with-arch-32=i686 --with-abi=m64 --with-multilib-list=m32,m64,mx32 --enable-multilib --with-tune=generic --enable-offload-targets=nvptx-none --without-cuda-driver --enable-checking=release --build=x86_64-linux-gnu --host=x86_64-linux-gnu --target=x86_64-linux-gnu
Thread model: posix
gcc version 7.3.0 (Ubuntu 7.3.0-27ubuntu1~18.04) 
configure:3546: $? = 0
configure:3535: gcc -V >&5
gcc: error: unrecognized command line option '-V'
gcc: fatal error: no input files
compilation terminated.
configure:3546: $? = 1
configure:3535: gcc -qversion >&5
gcc: error: unrecognized command line option '-qversion'; did you mean '--version'?
gcc: fatal error: no input files
compilation terminated.
configure:3546: $? = 1
configure:3566: checking whether the C compiler works
configure:3588: gcc    conftest.c  >&5
configure:3592: $? = 0
configure:3640: result: yes
configure:3643: checking for C compiler default output file name
configure:3645: result: a.out
configure:3651: checking for suffix of executables
configure:3658: gcc -o conftest    conftest.c  >&5
configure:3662: $? = 0
configure:3684: result: 
configure:3706: checking whether we are cross compiling
configure:3714: gcc -o conftest    conftest.c  >&5
configure:3718: $? = 0
configure:3725: ./conftest
configure:3729: $? = 0
configure:3744: result: no
configure:3749: checking for suffix of object files
configure:3771: gcc -c   conftest.c >&5
configure:3775: $? = 0
configure:3796: result: o
configure:3800: checking whether we are using the GNU C compiler
configure:3819: gcc -c   conftest.c >&5
configure:3819: $? = 0
configure:3828: result: yes
configure:3837: checking whether gcc accepts -g
configure:3857: gcc -c -g  conftest.c >&5
configure:3857: $? = 0
configure:3898: result: yes
configure:3915: checking for gcc option to accept ISO C89
configure:3978: gcc  -c -g -O2  conftest.c >&5
configure:3978: $? = 0
configure:3991: result: none needed
configure:4013: checking dependency style of gcc
configure:4124: result: gcc3
configure:4143: checking build system type
configure:4157: result: x86_64-unknown-linux-gnu
configure:4177: checking host system type
configure:4190: result: arm-unknown-linux-gnu
configure:4234: checking for ld used by GCC
configure:4298: result: /usr/bin/ld
configure:4305: checking if the linker (/usr/bin/ld) is GNU ld
configure:4318: result: yes
configure:4325: checking for shared library run path origin
configure:4338: result: done
configure:4363: checking how to run the C preprocessor
configure:4394: gcc -E  conftest.c
configure:4394: $? = 0
configure:4408: gcc -E  conftest.c
conftest.c:11:10: fatal error: ac_nonexistent.h: No such file or directory
 #include <ac_nonexistent.h>
          ^~~~~~~~~~~~~~~~~~
compilation terminated.
configure:4408: $? = 1
configure: failed program was:
| /* confdefs.h */
| #define PACKAGE_NAME ""
| #define PACKAGE_TARNAME ""
| #define PACKAGE_VERSION ""
| #define PACKAGE_STRING ""
| #define PACKAGE_BUGREPORT ""
| #define PACKAGE_URL ""
| #define PACKAGE "alsa-utils"
| #define VERSION "1.0.27.2"
| /* end confdefs.h.  */
| #include <ac_nonexistent.h>
configure:4433: result: gcc -E
configure:4453: gcc -E  conftest.c
configure:4453: $? = 0
configure:4467: gcc -E  conftest.c
conftest.c:11:10: fatal error: ac_nonexistent.h: No such file or directory
 #include <ac_nonexistent.h>
          ^~~~~~~~~~~~~~~~~~
compilation terminated.
configure:4467: $? = 1
configure: failed program was:
| /* confdefs.h */
| #define PACKAGE_NAME ""
| #define PACKAGE_TARNAME ""
| #define PACKAGE_VERSION ""
| #define PACKAGE_STRING ""
| #define PACKAGE_BUGREPORT ""
| #define PACKAGE_URL ""
| #define PACKAGE "alsa-utils"
| #define VERSION "1.0.27.2"
| /* end confdefs.h.  */
| #include <ac_nonexistent.h>
configure:4496: checking for grep that handles long lines and -e
configure:4554: result: /bin/grep
configure:4559: checking for egrep
configure:4621: result: /bin/grep -E
configure:5179: checking for CFPreferencesCopyAppValue
configure:5197: gcc -o conftest -g -O2   conftest.c  -Wl,-framework -Wl,CoreFoundation >&5
conftest.c:11:10: fatal error: CoreFoundation/CFPreferences.h: No such file or directory
 #include <CoreFoundation/CFPreferences.h>
          ^~~~~~~~~~~~~~~~~~~~~~~~~~~~~~~~
compilation terminated.
configure:5197: $? = 1
configure: failed program was:
| /* confdefs.h */
| #define PACKAGE_NAME ""
| #define PACKAGE_TARNAME ""
| #define PACKAGE_VERSION ""
| #define PACKAGE_STRING ""
| #define PACKAGE_BUGREPORT ""
| #define PACKAGE_URL ""
| #define PACKAGE "alsa-utils"
| #define VERSION "1.0.27.2"
| /* end confdefs.h.  */
| #include <CoreFoundation/CFPreferences.h>
| int
| main ()
| {
| CFPreferencesCopyAppValue(NULL, NULL)
|   ;
|   return 0;
| }
configure:5206: result: no
configure:5213: checking for CFLocaleCopyCurrent
configure:5231: gcc -o conftest -g -O2   conftest.c  -Wl,-framework -Wl,CoreFoundation >&5
conftest.c:11:10: fatal error: CoreFoundation/CFLocale.h: No such file or directory
 #include <CoreFoundation/CFLocale.h>
          ^~~~~~~~~~~~~~~~~~~~~~~~~~~
compilation terminated.
configure:5231: $? = 1
configure: failed program was:
| /* confdefs.h */
| #define PACKAGE_NAME ""
| #define PACKAGE_TARNAME ""
| #define PACKAGE_VERSION ""
| #define PACKAGE_STRING ""
| #define PACKAGE_BUGREPORT ""
| #define PACKAGE_URL ""
| #define PACKAGE "alsa-utils"
| #define VERSION "1.0.27.2"
| /* end confdefs.h.  */
| #include <CoreFoundation/CFLocale.h>
| int
| main ()
| {
| CFLocaleCopyCurrent();
|   ;
|   return 0;
| }
configure:5240: result: no
configure:5289: checking for GNU gettext in libc
configure:5309: gcc -o conftest -g -O2   conftest.c  >&5
configure:5309: $? = 0
configure:5318: result: yes
configure:6109: checking whether to use NLS
configure:6111: result: yes
configure:6114: checking where the gettext function comes from
configure:6125: result: libc
configure:6187: checking for cross-compiler
configure:6196: result: gcc
configure:6208: checking for arm-linux-gcc
configure:6235: result: gcc
configure:6504: checking for C compiler version
configure:6513: gcc --version >&5
gcc (Ubuntu 7.3.0-27ubuntu1~18.04) 7.3.0
Copyright (C) 2017 Free Software Foundation, Inc.
This is free software; see the source for copying conditions.  There is NO
warranty; not even for MERCHANTABILITY or FITNESS FOR A PARTICULAR PURPOSE.

configure:6524: $? = 0
configure:6513: gcc -v >&5
Using built-in specs.
COLLECT_GCC=gcc
COLLECT_LTO_WRAPPER=/usr/lib/gcc/x86_64-linux-gnu/7/lto-wrapper
OFFLOAD_TARGET_NAMES=nvptx-none
OFFLOAD_TARGET_DEFAULT=1
Target: x86_64-linux-gnu
Configured with: ../src/configure -v --with-pkgversion='Ubuntu 7.3.0-27ubuntu1~18.04' --with-bugurl=file:///usr/share/doc/gcc-7/README.Bugs --enable-languages=c,ada,c++,go,brig,d,fortran,objc,obj-c++ --prefix=/usr --with-gcc-major-version-only --program-suffix=-7 --program-prefix=x86_64-linux-gnu- --enable-shared --enable-linker-build-id --libexecdir=/usr/lib --without-included-gettext --enable-threads=posix --libdir=/usr/lib --enable-nls --with-sysroot=/ --enable-clocale=gnu --enable-libstdcxx-debug --enable-libstdcxx-time=yes --with-default-libstdcxx-abi=new --enable-gnu-unique-object --disable-vtable-verify --enable-libmpx --enable-plugin --enable-default-pie --with-system-zlib --with-target-system-zlib --enable-objc-gc=auto --enable-multiarch --disable-werror --with-arch-32=i686 --with-abi=m64 --with-multilib-list=m32,m64,mx32 --enable-multilib --with-tune=generic --enable-offload-targets=nvptx-none --without-cuda-driver --enable-checking=release --build=x86_64-linux-gnu --host=x86_64-linux-gnu --target=x86_64-linux-gnu
Thread model: posix
gcc version 7.3.0 (Ubuntu 7.3.0-27ubuntu1~18.04) 
configure:6524: $? = 0
configure:6513: gcc -V >&5
gcc: error: unrecognized command line option '-V'
gcc: fatal error: no input files
compilation terminated.
configure:6524: $? = 1
configure:6513: gcc -qversion >&5
gcc: error: unrecognized command line option '-qversion'; did you mean '--version'?
gcc: fatal error: no input files
compilation terminated.
configure:6524: $? = 1
configure:6528: checking whether we are using the GNU C compiler
configure:6556: result: yes
configure:6565: checking whether gcc accepts -g
configure:6626: result: yes
configure:6643: checking for gcc option to accept ISO C89
configure:6719: result: none needed
configure:6741: checking dependency style of gcc
configure:6852: result: gcc3
configure:6869: checking whether ln -s works
configure:6873: result: yes
configure:6880: checking for a sed that does not truncate output
configure:6944: result: /bin/sed
configure:6959: checking for arm-linux-pkg-config
configure:6992: result: no
configure:7002: checking for pkg-config
configure:7020: found /usr/bin/pkg-config
configure:7032: result: /usr/bin/pkg-config
configure:7057: checking pkg-config is at least version 0.9.0
configure:7060: result: yes
configure:7099: checking for ALSA CFLAGS
configure:7105: result: 
configure:7108: checking for ALSA LDFLAGS
configure:7117: result:  -lasound -lm -ldl -lpthread
configure:7122: checking for libasound headers version >= 1.0.27
configure:7184: gcc -c -g -O2  conftest.c >&5
configure:7184: $? = 0
configure:7185: result: found.
configure:7204: checking for snd_ctl_open in -lasound
configure:7229: gcc -o conftest -g -O2   conftest.c -lasound   -lasound -lm -ldl -lpthread  >&5
configure:7229: $? = 0
configure:7238: result: yes
configure:7274: checking for snd_ctl_elem_add_enumerated
configure:7274: gcc -o conftest -g -O2   conftest.c -lasound -lm -ldl -lpthread >&5
configure:7274: $? = 0
configure:7274: result: yes
configure:7285: checking for alsa/pcm.h
configure:7285: gcc -c -g -O2  conftest.c >&5
configure:7285: $? = 0
configure:7285: result: yes
configure:7300: checking for alsa/mixer.h
configure:7300: gcc -c -g -O2  conftest.c >&5
configure:7300: $? = 0
configure:7300: result: yes
configure:7315: checking for alsa/rawmidi.h
configure:7315: gcc -c -g -O2  conftest.c >&5
configure:7315: $? = 0
configure:7315: result: yes
configure:7330: checking for alsa/seq.h
configure:7330: gcc -c -g -O2  conftest.c >&5
configure:7330: $? = 0
configure:7330: result: yes
configure:7345: checking for samplerate.h
configure:7345: gcc -c -g -O2  conftest.c >&5
conftest.c:19:10: fatal error: samplerate.h: No such file or directory
 #include <samplerate.h>
          ^~~~~~~~~~~~~~
compilation terminated.
configure:7345: $? = 1
configure: failed program was:
| /* confdefs.h */
| #define PACKAGE_NAME ""
| #define PACKAGE_TARNAME ""
| #define PACKAGE_VERSION ""
| #define PACKAGE_STRING ""
| #define PACKAGE_BUGREPORT ""
| #define PACKAGE_URL ""
| #define PACKAGE "alsa-utils"
| #define VERSION "1.0.27.2"
| #define ENABLE_NLS 1
| #define HAVE_GETTEXT 1
| #define HAVE_DCGETTEXT 1
| #define HAVE_LIBASOUND 1
| #define HAVE_ALSA_PCM_H 1
| #define HAVE_ALSA_MIXER_H 1
| #define HAVE_ALSA_RAWMIDI_H 1
| #define HAVE_ALSA_SEQ_H 1
| /* end confdefs.h.  */
| #include <samplerate.h>
| 
| #include <samplerate.h>
configure:7345: result: no
configure:7401: checking for librt
configure:7412: checking for clock_gettime in -lrt
configure:7437: gcc -o conftest -g -O2   conftest.c -lrt  -lasound -lm -ldl -lpthread >&5
configure:7437: $? = 0
configure:7446: result: yes
configure:7543: checking for xmlto
configure:7570: result: yes
configure:7598: checking for ANSI C header files
configure:7618: gcc -c -g -O2  conftest.c >&5
configure:7618: $? = 0
configure:7691: gcc -o conftest -g -O2   conftest.c -lasound -lm -ldl -lpthread >&5
configure:7691: $? = 0
configure:7691: ./conftest
configure:7691: $? = 0
configure:7702: result: yes
configure:7725: checking for NCURSESW
configure:7732: $PKG_CONFIG --exists --print-errors "ncursesw"
Package ncursesw was not found in the pkg-config search path.
Perhaps you should add the directory containing `ncursesw.pc'
to the PKG_CONFIG_PATH environment variable
No package 'ncursesw' found
configure:7735: $? = 1
configure:7748: $PKG_CONFIG --exists --print-errors "ncursesw"
Package ncursesw was not found in the pkg-config search path.
Perhaps you should add the directory containing `ncursesw.pc'
to the PKG_CONFIG_PATH environment variable
No package 'ncursesw' found
configure:7751: $? = 1
configure:7764: result: no
No package 'ncursesw' found
configure:7783: checking for ncursesw5-config
configure:7813: result: no
configure:7825: checking for initscr in -lncursesw
configure:7850: gcc -o conftest -g -O2   conftest.c -lncursesw  -lasound -lm -ldl -lpthread >&5
/usr/bin/ld: cannot find -lncursesw
collect2: error: ld returned 1 exit status
configure:7850: $? = 1
configure: failed program was:
| /* confdefs.h */
| #define PACKAGE_NAME ""
| #define PACKAGE_TARNAME ""
| #define PACKAGE_VERSION ""
| #define PACKAGE_STRING ""
| #define PACKAGE_BUGREPORT ""
| #define PACKAGE_URL ""
| #define PACKAGE "alsa-utils"
| #define VERSION "1.0.27.2"
| #define ENABLE_NLS 1
| #define HAVE_GETTEXT 1
| #define HAVE_DCGETTEXT 1
| #define HAVE_LIBASOUND 1
| #define HAVE_ALSA_PCM_H 1
| #define HAVE_ALSA_MIXER_H 1
| #define HAVE_ALSA_RAWMIDI_H 1
| #define HAVE_ALSA_SEQ_H 1
| #define HAVE_LIBRT 1
| #define HAVE_CLOCK_GETTIME 1
| #define STDC_HEADERS 1
| /* end confdefs.h.  */
| 
| /* Override any GCC internal prototype to avoid an error.
|    Use char because int might match the return type of a GCC
|    builtin and then its argument prototype would still apply.  */
| #ifdef __cplusplus
| extern "C"
| #endif
| char initscr ();
| int
| main ()
| {
| return initscr ();
|   ;
|   return 0;
| }
configure:7859: result: no
configure:7978: checking for NCURSES
configure:7985: $PKG_CONFIG --exists --print-errors "ncurses"
configure:7988: $? = 0
configure:8001: $PKG_CONFIG --exists --print-errors "ncurses"
configure:8004: $? = 0
configure:8213: result: yes
configure:8270: checking for curses library
configure:8272: result: ncurses
configure:8274: checking for curses header name
configure:8276: result: <ncurses.h>
configure:8278: checking for curses compiler flags
configure:8280: result: -D_GNU_SOURCE -D_DEFAULT_SOURCE
configure:8309: gcc -o conftest -g -O2 -D_GNU_SOURCE -D_DEFAULT_SOURCE   conftest.c -lncurses -ltinfo -lasound -lm -ldl -lpthread >&5
configure:8309: $? = 0
configure:8321: checking for curses NLS support
configure:8348: result: no
configure:8362: checking for sys/types.h
configure:8362: gcc -c -g -O2 -D_GNU_SOURCE -D_DEFAULT_SOURCE  conftest.c >&5
configure:8362: $? = 0
configure:8362: result: yes
configure:8362: checking for sys/stat.h
configure:8362: gcc -c -g -O2 -D_GNU_SOURCE -D_DEFAULT_SOURCE  conftest.c >&5
configure:8362: $? = 0
configure:8362: result: yes
configure:8362: checking for stdlib.h
configure:8362: gcc -c -g -O2 -D_GNU_SOURCE -D_DEFAULT_SOURCE  conftest.c >&5
configure:8362: $? = 0
configure:8362: result: yes
configure:8362: checking for string.h
configure:8362: gcc -c -g -O2 -D_GNU_SOURCE -D_DEFAULT_SOURCE  conftest.c >&5
configure:8362: $? = 0
configure:8362: result: yes
configure:8362: checking for memory.h
configure:8362: gcc -c -g -O2 -D_GNU_SOURCE -D_DEFAULT_SOURCE  conftest.c >&5
configure:8362: $? = 0
configure:8362: result: yes
configure:8362: checking for strings.h
configure:8362: gcc -c -g -O2 -D_GNU_SOURCE -D_DEFAULT_SOURCE  conftest.c >&5
configure:8362: $? = 0
configure:8362: result: yes
configure:8362: checking for inttypes.h
configure:8362: gcc -c -g -O2 -D_GNU_SOURCE -D_DEFAULT_SOURCE  conftest.c >&5
configure:8362: $? = 0
configure:8362: result: yes
configure:8362: checking for stdint.h
configure:8362: gcc -c -g -O2 -D_GNU_SOURCE -D_DEFAULT_SOURCE  conftest.c >&5
configure:8362: $? = 0
configure:8362: result: yes
configure:8362: checking for unistd.h
configure:8362: gcc -c -g -O2 -D_GNU_SOURCE -D_DEFAULT_SOURCE  conftest.c >&5
configure:8362: $? = 0
configure:8362: result: yes
configure:8377: checking panel.h usability
configure:8377: gcc -c -g -O2 -D_GNU_SOURCE -D_DEFAULT_SOURCE  conftest.c >&5
configure:8377: $? = 0
configure:8377: result: yes
configure:8377: checking panel.h presence
configure:8377: gcc -E  conftest.c
configure:8377: $? = 0
configure:8377: result: yes
configure:8377: checking for panel.h
configure:8377: result: yes
configure:8377: checking menu.h usability
configure:8377: gcc -c -g -O2 -D_GNU_SOURCE -D_DEFAULT_SOURCE  conftest.c >&5
configure:8377: $? = 0
configure:8377: result: yes
configure:8377: checking menu.h presence
configure:8377: gcc -E  conftest.c
configure:8377: $? = 0
configure:8377: result: yes
configure:8377: checking for menu.h
configure:8377: result: yes
configure:8377: checking form.h usability
configure:8377: gcc -c -g -O2 -D_GNU_SOURCE -D_DEFAULT_SOURCE  conftest.c >&5
configure:8377: $? = 0
configure:8377: result: yes
configure:8377: checking form.h presence
configure:8377: gcc -E  conftest.c
configure:8377: $? = 0
configure:8377: result: yes
configure:8377: checking for form.h
configure:8377: result: yes
configure:8390: checking for new_panel in -lpanel
configure:8415: gcc -o conftest -g -O2 -D_GNU_SOURCE -D_DEFAULT_SOURCE   conftest.c -lpanel  -lncurses -ltinfo -lasound -lm -ldl -lpthread >&5
configure:8415: $? = 0
configure:8425: result: yes
configure:8434: checking for new_menu in -lmenu
configure:8459: gcc -o conftest -g -O2 -D_GNU_SOURCE -D_DEFAULT_SOURCE   conftest.c -lmenu  -lncurses -ltinfo -lasound -lm -ldl -lpthread >&5
configure:8459: $? = 0
configure:8469: result: yes
configure:8478: checking for new_form in -lform
configure:8503: gcc -o conftest -g -O2 -D_GNU_SOURCE -D_DEFAULT_SOURCE   conftest.c -lform  -lncurses -ltinfo -lasound -lm -ldl -lpthread >&5
configure:8503: $? = 0
configure:8513: result: yes
configure:8530: checking for curses linker flags
configure:8532: result: -lform -lmenu -lpanel -lncurses -ltinfo
configure:8575: checking for an ANSI C-conforming const
configure:8641: gcc -c -g -O2  conftest.c >&5
configure:8641: $? = 0
configure:8648: result: yes
configure:8656: checking for inline
configure:8672: gcc -c -g -O2  conftest.c >&5
configure:8672: $? = 0
configure:8680: result: inline
configure:8698: checking whether time.h and sys/time.h may both be included
configure:8718: gcc -c -g -O2  conftest.c >&5
configure:8718: $? = 0
configure:8725: result: yes
configure:8735: checking whether gcc needs -traditional
configure:8769: result: no
configure:8784: checking for special C compiler options needed for large files
configure:8829: result: no
configure:8835: checking for _FILE_OFFSET_BITS value needed for large files
configure:8860: gcc -c -g -O2  conftest.c >&5
configure:8860: $? = 0
configure:8892: result: no
configure:9159: checking that generated files are newer than configure
configure:9165: result: done
configure:9236: creating ./config.status

## ---------------------- ##
## Running config.status. ##
## ---------------------- ##

This file was extended by config.status, which was
generated by GNU Autoconf 2.69.  Invocation command line was

  CONFIG_FILES    = 
  CONFIG_HEADERS  = 
  CONFIG_LINKS    = 
  CONFIG_COMMANDS = 
  $ ./config.status 

on M495

config.status:974: creating Makefile
config.status:974: creating alsactl/Makefile
config.status:974: creating alsactl/init/Makefile
config.status:974: creating alsamixer/Makefile
config.status:974: creating amidi/Makefile
config.status:974: creating amixer/Makefile
config.status:974: creating m4/Makefile
config.status:974: creating po/Makefile.in
config.status:974: creating alsaconf/alsaconf
config.status:974: creating alsaconf/Makefile
config.status:974: creating alsaconf/po/Makefile
config.status:1082: WARNING:  'alsaconf/po/Makefile.in' seems to ignore the --datarootdir setting
config.status:974: creating alsaucm/Makefile
config.status:974: creating aplay/Makefile
config.status:974: creating include/Makefile
config.status:974: creating iecset/Makefile
config.status:974: creating utils/Makefile
config.status:974: creating utils/alsa-utils.spec
config.status:974: creating seq/Makefile
config.status:974: creating seq/aconnect/Makefile
config.status:974: creating seq/aplaymidi/Makefile
config.status:974: creating seq/aseqdump/Makefile
config.status:974: creating seq/aseqnet/Makefile
config.status:974: creating speaker-test/Makefile
config.status:974: creating speaker-test/samples/Makefile
config.status:974: creating alsaloop/Makefile
config.status:974: creating include/aconfig.h
config.status:1203: executing po-directories commands
config.status:1203: executing depfiles commands

## ---------------- ##
## Cache variables. ##
## ---------------- ##

ac_cv_build=x86_64-unknown-linux-gnu
ac_cv_c_compiler_gnu=yes
ac_cv_c_const=yes
ac_cv_c_inline=inline
ac_cv_env_CC_set=
ac_cv_env_CC_value=
ac_cv_env_CFLAGS_set=
ac_cv_env_CFLAGS_value=
ac_cv_env_CPPFLAGS_set=
ac_cv_env_CPPFLAGS_value=
ac_cv_env_CPP_set=
ac_cv_env_CPP_value=
ac_cv_env_LDFLAGS_set=
ac_cv_env_LDFLAGS_value=
ac_cv_env_LIBS_set=
ac_cv_env_LIBS_value=
ac_cv_env_NCURSESW_CFLAGS_set=
ac_cv_env_NCURSESW_CFLAGS_value=
ac_cv_env_NCURSESW_LIBS_set=
ac_cv_env_NCURSESW_LIBS_value=
ac_cv_env_NCURSES_CFLAGS_set=
ac_cv_env_NCURSES_CFLAGS_value=
ac_cv_env_NCURSES_LIBS_set=
ac_cv_env_NCURSES_LIBS_value=
ac_cv_env_PKG_CONFIG_LIBDIR_set=
ac_cv_env_PKG_CONFIG_LIBDIR_value=
ac_cv_env_PKG_CONFIG_PATH_set=
ac_cv_env_PKG_CONFIG_PATH_value=
ac_cv_env_PKG_CONFIG_set=
ac_cv_env_PKG_CONFIG_value=
ac_cv_env_build_alias_set=
ac_cv_env_build_alias_value=
ac_cv_env_host_alias_set=set
ac_cv_env_host_alias_value=arm-linux
ac_cv_env_target_alias_set=
ac_cv_env_target_alias_value=
ac_cv_func_snd_ctl_elem_add_enumerated=yes
ac_cv_header_alsa_mixer_h=yes
ac_cv_header_alsa_pcm_h=yes
ac_cv_header_alsa_rawmidi_h=yes
ac_cv_header_alsa_seq_h=yes
ac_cv_header_form_h=yes
ac_cv_header_inttypes_h=yes
ac_cv_header_memory_h=yes
ac_cv_header_menu_h=yes
ac_cv_header_panel_h=yes
ac_cv_header_samplerate_h=no
ac_cv_header_stdc=yes
ac_cv_header_stdint_h=yes
ac_cv_header_stdlib_h=yes
ac_cv_header_string_h=yes
ac_cv_header_strings_h=yes
ac_cv_header_sys_stat_h=yes
ac_cv_header_sys_types_h=yes
ac_cv_header_time=yes
ac_cv_header_unistd_h=yes
ac_cv_host=arm-unknown-linux-gnu
ac_cv_lib_asound_snd_ctl_open=yes
ac_cv_lib_form___new_form=yes
ac_cv_lib_menu___new_menu=yes
ac_cv_lib_ncursesw_initscr=no
ac_cv_lib_panel___new_panel=yes
ac_cv_lib_rt_clock_gettime=yes
ac_cv_objext=o
ac_cv_path_EGREP='/bin/grep -E'
ac_cv_path_GMSGFMT=/usr/bin/msgfmt
ac_cv_path_GREP=/bin/grep
ac_cv_path_MSGFMT=/usr/bin/msgfmt
ac_cv_path_MSGMERGE=/usr/bin/msgmerge
ac_cv_path_SED=/bin/sed
ac_cv_path_XGETTEXT=/usr/bin/xgettext
ac_cv_path_ac_pt_PKG_CONFIG=/usr/bin/pkg-config
ac_cv_path_install='/usr/bin/install -c'
ac_cv_path_mkdir=/bin/mkdir
ac_cv_prog_AWK=mawk
ac_cv_prog_CC=gcc
ac_cv_prog_CPP='gcc -E'
ac_cv_prog_ac_ct_CC=gcc
ac_cv_prog_ac_ct_STRIP=strip
ac_cv_prog_cc_c89=
ac_cv_prog_cc_g=yes
ac_cv_prog_gcc_traditional=no
ac_cv_prog_make_make_set=yes
ac_cv_prog_xmlto=yes
ac_cv_sys_file_offset_bits=no
ac_cv_sys_largefile_CC=no
acl_cv_hardcode_direct=no
acl_cv_hardcode_libdir_flag_spec='${wl}-rpath ${wl}$libdir'
acl_cv_hardcode_libdir_separator=
acl_cv_hardcode_minus_L=no
acl_cv_libext=a
acl_cv_libname_spec='lib$name'
acl_cv_library_names_spec='$libname$shrext'
acl_cv_path_LD=/usr/bin/ld
acl_cv_prog_gnu_ld=yes
acl_cv_rpath=done
acl_cv_shlibext=so
acl_cv_wl=-Wl,
am_cv_CC_dependencies_compiler_type=gcc3
gt_cv_func_CFLocaleCopyCurrent=no
gt_cv_func_CFPreferencesCopyAppValue=no
gt_cv_func_gnugettext1_libc=yes
pkg_cv_NCURSES_CFLAGS='-D_GNU_SOURCE -D_DEFAULT_SOURCE'
pkg_cv_NCURSES_LIBS='-lncurses -ltinfo'

## ----------------- ##
## Output variables. ##
## ----------------- ##

ACLOCAL='${SHELL} /home/ningjw/linux/drv_jz2440/alsa/alsa-utils-1.0.27.2/missing --run aclocal-1.12'
ALSACONF_FALSE='#'
ALSACONF_TRUE=''
ALSACTL_DAEMONSWITCH='/etc/alsa/state-daemon.conf'
ALSACTL_PIDFILE_DIR='/var/run'
ALSALOOP_FALSE='#'
ALSALOOP_TRUE=''
ALSAMIXER_FALSE='#'
ALSAMIXER_TRUE=''
ALSA_CFLAGS=''
ALSA_LIBS=' -lasound -lm -ldl -lpthread'
AMDEPBACKSLASH='\'
AMDEP_FALSE='#'
AMDEP_TRUE=''
AMTAR='$${TAR-tar}'
ASOUND_STATE_DIR='/var/lib/alsa'
AUTOCONF='${SHELL} /home/ningjw/linux/drv_jz2440/alsa/alsa-utils-1.0.27.2/missing --run autoconf'
AUTOHEADER='${SHELL} /home/ningjw/linux/drv_jz2440/alsa/alsa-utils-1.0.27.2/missing --run autoheader'
AUTOMAKE='${SHELL} /home/ningjw/linux/drv_jz2440/alsa/alsa-utils-1.0.27.2/missing --run automake-1.12'
AWK='mawk'
CC='gcc'
CCDEPMODE='depmode=gcc3'
CFLAGS='-g -O2'
CPP='gcc -E'
CPPFLAGS=''
CURSESINC='<ncurses.h>'
CURSESLIB='-lform -lmenu -lpanel -lncurses -ltinfo'
CURSES_CFLAGS='-D_GNU_SOURCE -D_DEFAULT_SOURCE'
CYGPATH_W='echo'
DEFS='-DHAVE_CONFIG_H'
DEPDIR='.deps'
ECHO_C=''
ECHO_N='-n'
ECHO_T=''
EGREP='/bin/grep -E'
EXEEXT=''
GETTEXT_MACRO_VERSION='0.18'
GMSGFMT='/usr/bin/msgfmt'
GMSGFMT_015='/usr/bin/msgfmt'
GREP='/bin/grep'
HAVE_MIXER_FALSE='#'
HAVE_MIXER_TRUE=''
HAVE_PCM_FALSE='#'
HAVE_PCM_TRUE=''
HAVE_RAWMIDI_FALSE='#'
HAVE_RAWMIDI_TRUE=''
HAVE_SAMPLERATE_FALSE=''
HAVE_SAMPLERATE_TRUE='#'
HAVE_SEQ_FALSE='#'
HAVE_SEQ_TRUE=''
HAVE_SYSTEMD_FALSE='#'
HAVE_SYSTEMD_TRUE=''
INSTALL_DATA='${INSTALL} -m 644'
INSTALL_PROGRAM='${INSTALL}'
INSTALL_SCRIPT='${INSTALL}'
INSTALL_STRIP_PROGRAM='$(install_sh) -c -s'
INTLLIBS=''
INTL_MACOSX_LIBS=''
LDFLAGS=''
LIBICONV='-liconv'
LIBINTL=''
LIBOBJS=''
LIBRT='-lrt'
LIBS='-lasound -lm -ldl -lpthread'
LN_S='ln -s'
LTLIBICONV='-liconv'
LTLIBINTL=''
LTLIBOBJS=''
MAINT=''
MAINTAINER_MODE_FALSE='#'
MAINTAINER_MODE_TRUE=''
MAKEINFO='${SHELL} /home/ningjw/linux/drv_jz2440/alsa/alsa-utils-1.0.27.2/missing --run makeinfo'
MKDIR_P='/bin/mkdir -p'
MSGFMT='/usr/bin/msgfmt'
MSGFMT_015='/usr/bin/msgfmt'
MSGMERGE='/usr/bin/msgmerge'
NCURSESW_CFLAGS=''
NCURSESW_LIBS=''
NCURSES_CFLAGS='-D_GNU_SOURCE -D_DEFAULT_SOURCE'
NCURSES_LIBS='-lncurses -ltinfo'
OBJEXT='o'
PACKAGE='alsa-utils'
PACKAGE_BUGREPORT=''
PACKAGE_NAME=''
PACKAGE_STRING=''
PACKAGE_TARNAME=''
PACKAGE_URL=''
PACKAGE_VERSION=''
PATH_SEPARATOR=':'
PKG_CONFIG='/usr/bin/pkg-config'
PKG_CONFIG_LIBDIR=''
PKG_CONFIG_PATH=''
POSUB='po'
SED='/bin/sed'
SET_MAKE=''
SHELL='/bin/bash'
SND_UTIL_MAJOR='1'
SND_UTIL_MINOR='0'
SND_UTIL_SUBMINOR='27'
SND_UTIL_VERSION='1.0.27.2'
STRIP='strip'
TESTSOUND='/home/ningjw/linux/drv_jz2440/alsa/alsa-utils-1.0.27.2/__installed/share/test.wav'
USE_NLS='yes'
USE_XMLTO_FALSE='#'
USE_XMLTO_TRUE=''
VERSION='1.0.27.2'
XGETTEXT='/usr/bin/xgettext'
XGETTEXT_015='/usr/bin/xgettext'
XGETTEXT_EXTRA_OPTIONS=''
ac_ct_CC='gcc'
am__EXEEXT_FALSE=''
am__EXEEXT_TRUE='#'
am__fastdepCC_FALSE='#'
am__fastdepCC_TRUE=''
am__include='include'
am__isrc=''
am__leading_dot='.'
am__nodep='_no'
am__quote=''
am__tar='$${TAR-tar} chof - "$$tardir"'
am__untar='$${TAR-tar} xf -'
bindir='${exec_prefix}/bin'
build='x86_64-unknown-linux-gnu'
build_alias=''
build_cpu='x86_64'
build_os='linux-gnu'
build_vendor='unknown'
datadir='${datarootdir}'
datarootdir='${prefix}/share'
docdir='${datarootdir}/doc/${PACKAGE}'
dvidir='${docdir}'
exec_prefix='${prefix}'
host='arm-unknown-linux-gnu'
host_alias='arm-linux'
host_cpu='arm'
host_os='linux-gnu'
host_vendor='unknown'
htmldir='${docdir}'
includedir='${prefix}/include'
infodir='${datarootdir}/info'
install_sh='${SHELL} /home/ningjw/linux/drv_jz2440/alsa/alsa-utils-1.0.27.2/install-sh'
libdir='${exec_prefix}/lib'
libexecdir='${exec_prefix}/libexec'
localedir='${datarootdir}/locale'
localstatedir='${prefix}/var'
mandir='${datarootdir}/man'
mkdir_p='/bin/mkdir -p'
ncurses5_config=''
ncursesw5_config=''
oldincludedir='/usr/include'
pdfdir='${docdir}'
prefix='/home/ningjw/linux/drv_jz2440/alsa/alsa-utils-1.0.27.2/__installed'
program_transform_name='s,x,x,'
psdir='${docdir}'
sbindir='${exec_prefix}/sbin'
sharedstatedir='${prefix}/com'
sysconfdir='${prefix}/etc'
systemdsystemunitdir='/lib/systemd/system'
target_alias=''
udevrulesdir='/lib/udev/rules.d'
xmlto='yes'

## ----------- ##
## confdefs.h. ##
## ----------- ##

/* confdefs.h */
#define PACKAGE_NAME ""
#define PACKAGE_TARNAME ""
#define PACKAGE_VERSION ""
#define PACKAGE_STRING ""
#define PACKAGE_BUGREPORT ""
#define PACKAGE_URL ""
#define PACKAGE "alsa-utils"
#define VERSION "1.0.27.2"
#define ENABLE_NLS 1
#define HAVE_GETTEXT 1
#define HAVE_DCGETTEXT 1
#define HAVE_LIBASOUND 1
#define HAVE_ALSA_PCM_H 1
#define HAVE_ALSA_MIXER_H 1
#define HAVE_ALSA_RAWMIDI_H 1
#define HAVE_ALSA_SEQ_H 1
#define HAVE_LIBRT 1
#define HAVE_CLOCK_GETTIME 1
#define STDC_HEADERS 1
#define HAVE_CURSES_ESCDELAY 1
#define HAVE_SYS_TYPES_H 1
#define HAVE_SYS_STAT_H 1
#define HAVE_STDLIB_H 1
#define HAVE_STRING_H 1
#define HAVE_MEMORY_H 1
#define HAVE_STRINGS_H 1
#define HAVE_INTTYPES_H 1
#define HAVE_STDINT_H 1
#define HAVE_UNISTD_H 1
#define HAVE_PANEL_H 1
#define HAVE_MENU_H 1
#define HAVE_FORM_H 1
#define SOUNDSDIR "/home/ningjw/linux/drv_jz2440/alsa/alsa-utils-1.0.27.2/__installed/share/sounds/alsa"
#define DATADIR "/home/ningjw/linux/drv_jz2440/alsa/alsa-utils-1.0.27.2/__installed/share/alsa"
#define TIME_WITH_SYS_TIME 1
#define VERSION "1.0.27.2"

configure: exit 0
